<?xml version="1.0" encoding="UTF-8"?>
<!-- Generated by org.testng.reporters.JUnitXMLReporter -->
<testsuite hostname="A073DHYD" name="Default test" tests="3" failures="0" timestamp="16 Oct 2020 16:33:00 GMT" time="20.732" errors="0">
  <testcase name="f" time="1.469" classname="GW.Guidewire.Testcases.Tc1_login"/>
  <testcase name="f" time="1.481" classname="GW.Guidewire.Testcases.Tc1_login"/>
  <testcase name="f" time="1.976" classname="GW.Guidewire.Testcases.Tc1_login"/>
</testsuite> <!-- Default test -->
