<?xml version="1.0" encoding="UTF-8"?>
<!-- Generated by org.testng.reporters.JUnitXMLReporter -->
<testsuite hostname="A073DHYD" name="Test(failed)" tests="1" failures="1" timestamp="15 Oct 2020 16:46:25 GMT" time="0.028" errors="0">
  <testcase name="f" time="0.011" classname="GW.Guidewire.Testcases.Tc2_login">
    <failure type="java.lang.NullPointerException">
      <![CDATA[java.lang.NullPointerException
	at GW.Guidewire.Testcases.Tc2_login.f(Tc2_login.java:19)
... Removed 25 stack frames]]>
    </failure>
  </testcase> <!-- f -->
</testsuite> <!-- Test(failed) -->
