<?xml version="1.0" encoding="UTF-8"?>
<!-- Generated by org.testng.reporters.JUnitXMLReporter -->
<testsuite hostname="A073DHYD" name="Test" tests="3" failures="1" timestamp="21 Oct 2020 15:59:23 GMT" time="8.921" errors="0">
  <testcase name="login_test" time="4.106" classname="GW.Guidewire.Testcases.Tc2_login">
    <failure type="org.openqa.selenium.WebDriverException" message="unknown error: net::ERR_CONNECTION_REFUSED
  (Session info: MicrosoftEdge=86.0.622.48)
Build info: version: &amp;apos;3.141.59&amp;apos;, revision: &amp;apos;e82be7d358&amp;apos;, time: &amp;apos;2018-11-14T08:17:03&amp;apos;
System info: host: &amp;apos;A073DHYD&amp;apos;, ip: &amp;apos;10.11.128.71&amp;apos;, os.name: &amp;apos;Windows 10&amp;apos;, os.arch: &amp;apos;amd64&amp;apos;, os.version: &amp;apos;10.0&amp;apos;, java.version: &amp;apos;1.8.0_181&amp;apos;
Driver info: org.openqa.selenium.edge.EdgeDriver
Capabilities {acceptInsecureCerts: false, browserName: msedge, browserVersion: 86.0.622.48, javascriptEnabled: true, ms:edgeOptions: {debuggerAddress: localhost:53123}, msedge: {msedgedriverVersion: 85.0.564.51 (626274a16bb350..., userDataDir: C:\Users\151508\AppData\Loc...}, networkConnectionEnabled: false, pageLoadStrategy: normal, platform: WINDOWS, platformName: WINDOWS, proxy: Proxy(), setWindowRect: true, strictFileInteractability: false, timeouts: {implicit: 0, pageLoad: 300000, script: 30000}, unhandledPromptBehavior: dismiss and notify, webauthn:virtualAuthenticators: true}
Session ID: 623f5a689e4d3de7de5293b4a804e947">
      <![CDATA[org.openqa.selenium.WebDriverException: unknown error: net::ERR_CONNECTION_REFUSED
  (Session info: MicrosoftEdge=86.0.622.48)
Build info: version: '3.141.59', revision: 'e82be7d358', time: '2018-11-14T08:17:03'
System info: host: 'A073DHYD', ip: '10.11.128.71', os.name: 'Windows 10', os.arch: 'amd64', os.version: '10.0', java.version: '1.8.0_181'
Driver info: org.openqa.selenium.edge.EdgeDriver
Capabilities {acceptInsecureCerts: false, browserName: msedge, browserVersion: 86.0.622.48, javascriptEnabled: true, ms:edgeOptions: {debuggerAddress: localhost:53123}, msedge: {msedgedriverVersion: 85.0.564.51 (626274a16bb350..., userDataDir: C:\Users\151508\AppData\Loc...}, networkConnectionEnabled: false, pageLoadStrategy: normal, platform: WINDOWS, platformName: WINDOWS, proxy: Proxy(), setWindowRect: true, strictFileInteractability: false, timeouts: {implicit: 0, pageLoad: 300000, script: 30000}, unhandledPromptBehavior: dismiss and notify, webauthn:virtualAuthenticators: true}
Session ID: 623f5a689e4d3de7de5293b4a804e947
	at org.openqa.selenium.remote.http.W3CHttpResponseCodec.createException(W3CHttpResponseCodec.java:187)
	at org.openqa.selenium.remote.http.W3CHttpResponseCodec.decode(W3CHttpResponseCodec.java:122)
	at org.openqa.selenium.remote.http.W3CHttpResponseCodec.decode(W3CHttpResponseCodec.java:49)
	at org.openqa.selenium.remote.HttpCommandExecutor.execute(HttpCommandExecutor.java:158)
	at org.openqa.selenium.remote.service.DriverCommandExecutor.execute(DriverCommandExecutor.java:83)
	at org.openqa.selenium.remote.RemoteWebDriver.execute(RemoteWebDriver.java:552)
	at org.openqa.selenium.remote.RemoteWebDriver.get(RemoteWebDriver.java:277)
	at GW.Guidewire.Testcases.Tc2_login.login_test(Tc2_login.java:22)
... Removed 29 stack frames]]>
    </failure>
  </testcase> <!-- login_test -->
  <testcase name="g" time="0.003" classname="GW.Guidewire.Testcases.Demo"/>
  <testcase name="h" time="0.004" classname="GW.Guidewire.Testcases.Demo"/>
</testsuite> <!-- Test -->
