<?xml version="1.0" encoding="UTF-8"?>
<!-- Generated by org.testng.reporters.JUnitXMLReporter -->
<testsuite hostname="A073DHYD" name="Test" tests="3" failures="1" timestamp="13 Oct 2020 10:16:09 GMT" time="0.052" errors="0">
  <testcase name="f" time="0.012" classname="GW.Guidewire.Testcases.Tc2_login">
    <failure type="java.lang.NullPointerException">
      <![CDATA[java.lang.NullPointerException
	at GW.Guidewire.Testcases.Tc2_login.f(Tc2_login.java:20)
... Removed 25 stack frames]]>
    </failure>
  </testcase> <!-- f -->
  <testcase name="f" time="0.006" classname="GW.Guidewire.Testcases.group"/>
  <testcase name="h" time="0.002" classname="GW.Guidewire.Testcases.group"/>
</testsuite> <!-- Test -->
