<?xml version="1.0" encoding="UTF-8"?>
<testng-results skipped="0" failed="3" total="8" passed="5">
  <reporter-output>
  </reporter-output>
  <suite name="Suite" duration-ms="96238" started-at="2020-10-13T10:18:21Z" finished-at="2020-10-13T10:19:58Z">
    <groups>
      <group name="regration">
        <method signature="Tc2_login.f()[pri:0, instance:GW.Guidewire.Testcases.Tc2_login@3d99d22e]" name="f" class="GW.Guidewire.Testcases.Tc2_login"/>
      </group> <!-- regration -->
    </groups>
    <test name="Test" duration-ms="96238" started-at="2020-10-13T10:18:21Z" finished-at="2020-10-13T10:19:58Z">
      <class name="GW.Guidewire.Testcases.Tc4_Search_edit">
        <test-method status="PASS" signature="setUp()[pri:0, instance:GW.Guidewire.Testcases.Tc4_Search_edit@cd2dae5]" name="setUp" is-config="true" duration-ms="0" started-at="2020-10-13T15:49:41Z" finished-at="2020-10-13T15:49:41Z">
          <reporter-output>
          </reporter-output>
        </test-method> <!-- setUp -->
        <test-method status="PASS" signature="setup()[pri:0, instance:GW.Guidewire.Testcases.Tc4_Search_edit@cd2dae5]" name="setup" is-config="true" duration-ms="5341" started-at="2020-10-13T15:49:41Z" finished-at="2020-10-13T15:49:46Z">
          <reporter-output>
          </reporter-output>
        </test-method> <!-- setup -->
        <test-method status="FAIL" signature="f()[pri:0, instance:GW.Guidewire.Testcases.Tc4_Search_edit@cd2dae5]" name="f" duration-ms="6689" started-at="2020-10-13T15:49:46Z" finished-at="2020-10-13T15:49:53Z">
          <exception class="org.openqa.selenium.NoSuchElementException">
            <message>
              <![CDATA[no such element: Unable to locate element: {"method":"link text","selector":"vikas varma"}
  (Session info: chrome=85.0.4183.121)
  (Driver info: chromedriver=2.40.565498 (ea082db3280dd6843ebfb08a625e3eb905c4f5ab),platform=Windows NT 10.0.18362 x86_64) (WARNING: The server did not provide any stacktrace information)
Command duration or timeout: 5.02 seconds
For documentation on this error, please visit: http://seleniumhq.org/exceptions/no_such_element.html
Build info: version: '2.53.1', revision: 'a36b8b1cd5757287168e54b817830adce9b0158d', time: '2016-06-30 19:26:09'
System info: host: 'A073DHYD', ip: '192.168.43.251', os.name: 'Windows 10', os.arch: 'amd64', os.version: '10.0', java.version: '1.8.0_181'
Driver info: org.openqa.selenium.chrome.ChromeDriver
Capabilities [{applicationCacheEnabled=false, rotatable=false, mobileEmulationEnabled=false, networkConnectionEnabled=false, chrome={chromedriverVersion=2.40.565498 (ea082db3280dd6843ebfb08a625e3eb905c4f5ab), userDataDir=C:\Users\151508\AppData\Local\Temp\scoped_dir7144_2998}, takesHeapSnapshot=true, pageLoadStrategy=normal, databaseEnabled=false, handlesAlerts=true, hasTouchScreen=false, version=85.0.4183.121, platform=XP, browserConnectionEnabled=false, nativeEvents=true, acceptSslCerts=false, acceptInsecureCerts=false, locationContextEnabled=true, webStorageEnabled=true, browserName=chrome, takesScreenshot=true, javascriptEnabled=true, cssSelectorsEnabled=true, setWindowRect=true, unexpectedAlertBehaviour=}]
Session ID: cab73396ba2fc791b2a616a414a3dcf6
*** Element info: {Using=link text, value=vikas varma}]]>
            </message>
            <full-stacktrace>
              <![CDATA[org.openqa.selenium.NoSuchElementException: no such element: Unable to locate element: {"method":"link text","selector":"vikas varma"}
  (Session info: chrome=85.0.4183.121)
  (Driver info: chromedriver=2.40.565498 (ea082db3280dd6843ebfb08a625e3eb905c4f5ab),platform=Windows NT 10.0.18362 x86_64) (WARNING: The server did not provide any stacktrace information)
Command duration or timeout: 5.02 seconds
For documentation on this error, please visit: http://seleniumhq.org/exceptions/no_such_element.html
Build info: version: '2.53.1', revision: 'a36b8b1cd5757287168e54b817830adce9b0158d', time: '2016-06-30 19:26:09'
System info: host: 'A073DHYD', ip: '192.168.43.251', os.name: 'Windows 10', os.arch: 'amd64', os.version: '10.0', java.version: '1.8.0_181'
Driver info: org.openqa.selenium.chrome.ChromeDriver
Capabilities [{applicationCacheEnabled=false, rotatable=false, mobileEmulationEnabled=false, networkConnectionEnabled=false, chrome={chromedriverVersion=2.40.565498 (ea082db3280dd6843ebfb08a625e3eb905c4f5ab), userDataDir=C:\Users\151508\AppData\Local\Temp\scoped_dir7144_2998}, takesHeapSnapshot=true, pageLoadStrategy=normal, databaseEnabled=false, handlesAlerts=true, hasTouchScreen=false, version=85.0.4183.121, platform=XP, browserConnectionEnabled=false, nativeEvents=true, acceptSslCerts=false, acceptInsecureCerts=false, locationContextEnabled=true, webStorageEnabled=true, browserName=chrome, takesScreenshot=true, javascriptEnabled=true, cssSelectorsEnabled=true, setWindowRect=true, unexpectedAlertBehaviour=}]
Session ID: cab73396ba2fc791b2a616a414a3dcf6
*** Element info: {Using=link text, value=vikas varma}
	at sun.reflect.NativeConstructorAccessorImpl.newInstance0(Native Method)
	at sun.reflect.NativeConstructorAccessorImpl.newInstance(Unknown Source)
	at sun.reflect.DelegatingConstructorAccessorImpl.newInstance(Unknown Source)
	at java.lang.reflect.Constructor.newInstance(Unknown Source)
	at org.openqa.selenium.remote.ErrorHandler.createThrowable(ErrorHandler.java:206)
	at org.openqa.selenium.remote.ErrorHandler.throwIfResponseFailed(ErrorHandler.java:158)
	at org.openqa.selenium.remote.RemoteWebDriver.execute(RemoteWebDriver.java:678)
	at org.openqa.selenium.remote.RemoteWebDriver.findElement(RemoteWebDriver.java:363)
	at org.openqa.selenium.remote.RemoteWebDriver.findElementByLinkText(RemoteWebDriver.java:428)
	at org.openqa.selenium.By$ByLinkText.findElement(By.java:246)
	at org.openqa.selenium.remote.RemoteWebDriver.findElement(RemoteWebDriver.java:355)
	at GW.Guidewire.Testcases.Tc4_Search_edit.f(Tc4_Search_edit.java:32)
	at sun.reflect.NativeMethodAccessorImpl.invoke0(Native Method)
	at sun.reflect.NativeMethodAccessorImpl.invoke(Unknown Source)
	at sun.reflect.DelegatingMethodAccessorImpl.invoke(Unknown Source)
	at java.lang.reflect.Method.invoke(Unknown Source)
	at org.testng.internal.MethodInvocationHelper.invokeMethod(MethodInvocationHelper.java:100)
	at org.testng.internal.Invoker.invokeMethod(Invoker.java:646)
	at org.testng.internal.Invoker.invokeTestMethod(Invoker.java:811)
	at org.testng.internal.Invoker.invokeTestMethods(Invoker.java:1137)
	at org.testng.internal.TestMethodWorker.invokeTestMethods(TestMethodWorker.java:129)
	at org.testng.internal.TestMethodWorker.run(TestMethodWorker.java:112)
	at org.testng.TestRunner.privateRun(TestRunner.java:753)
	at org.testng.TestRunner.run(TestRunner.java:607)
	at org.testng.SuiteRunner.runTest(SuiteRunner.java:368)
	at org.testng.SuiteRunner.runSequentially(SuiteRunner.java:363)
	at org.testng.SuiteRunner.privateRun(SuiteRunner.java:321)
	at org.testng.SuiteRunner.run(SuiteRunner.java:270)
	at org.testng.SuiteRunnerWorker.runSuite(SuiteRunnerWorker.java:52)
	at org.testng.SuiteRunnerWorker.run(SuiteRunnerWorker.java:86)
	at org.testng.TestNG.runSuitesSequentially(TestNG.java:1284)
	at org.testng.TestNG.runSuitesLocally(TestNG.java:1209)
	at org.testng.TestNG.runSuites(TestNG.java:1124)
	at org.testng.TestNG.run(TestNG.java:1096)
	at org.testng.remote.AbstractRemoteTestNG.run(AbstractRemoteTestNG.java:132)
	at org.testng.remote.RemoteTestNG.initAndRun(RemoteTestNG.java:236)
	at org.testng.remote.RemoteTestNG.main(RemoteTestNG.java:81)
]]>
            </full-stacktrace>
          </exception> <!-- org.openqa.selenium.NoSuchElementException -->
          <reporter-output>
          </reporter-output>
        </test-method> <!-- f -->
        <test-method status="PASS" signature="endtest(org.testng.ITestResult)[pri:0, instance:GW.Guidewire.Testcases.Tc4_Search_edit@cd2dae5]" name="endtest" is-config="true" duration-ms="4689" started-at="2020-10-13T15:49:53Z" finished-at="2020-10-13T15:49:58Z">
          <params>
            <param index="0">
              <value>
                <![CDATA[[TestResult name=f status=FAILURE method=Tc4_Search_edit.f()[pri:0, instance:GW.Guidewire.Testcases.Tc4_Search_edit@cd2dae5] output={null}]]]>
              </value>
            </param>
          </params>
          <reporter-output>
          </reporter-output>
        </test-method> <!-- endtest -->
      </class> <!-- GW.Guidewire.Testcases.Tc4_Search_edit -->
      <class name="GW.Guidewire.Testcases.Tc1_login">
        <test-method status="PASS" signature="suite()[pri:0, instance:GW.Guidewire.Testcases.Tc1_login@32709393]" name="suite" is-config="true" duration-ms="174" started-at="2020-10-13T15:48:21Z" finished-at="2020-10-13T15:48:21Z">
          <reporter-output>
          </reporter-output>
        </test-method> <!-- suite -->
        <test-method status="PASS" signature="setUp()[pri:0, instance:GW.Guidewire.Testcases.Tc1_login@32709393]" name="setUp" is-config="true" duration-ms="3" started-at="2020-10-13T15:48:21Z" finished-at="2020-10-13T15:48:21Z">
          <reporter-output>
          </reporter-output>
        </test-method> <!-- setUp -->
        <test-method status="PASS" signature="setup()[pri:0, instance:GW.Guidewire.Testcases.Tc1_login@32709393]" name="setup" is-config="true" duration-ms="6398" started-at="2020-10-13T15:48:22Z" finished-at="2020-10-13T15:48:29Z">
          <reporter-output>
          </reporter-output>
        </test-method> <!-- setup -->
        <test-method status="PASS" signature="f(java.lang.String, java.lang.String, java.lang.String, java.lang.String)[pri:0, instance:GW.Guidewire.Testcases.Tc1_login@32709393]" name="f" duration-ms="1151" started-at="2020-10-13T15:48:29Z" data-provider="login" finished-at="2020-10-13T15:48:30Z">
          <params>
            <param index="0">
              <value>
                <![CDATA[http://localhost:8880/ab/ContactManager.do]]>
              </value>
            </param>
            <param index="1">
              <value>
                <![CDATA[su]]>
              </value>
            </param>
            <param index="2">
              <value>
                <![CDATA[gw]]>
              </value>
            </param>
            <param index="3">
              <value>
                <![CDATA[[DEV mode - 8.0.2.18] Guidewire TrainingApp]]>
              </value>
            </param>
          </params>
          <reporter-output>
          </reporter-output>
        </test-method> <!-- f -->
        <test-method status="PASS" signature="endtest(org.testng.ITestResult)[pri:0, instance:GW.Guidewire.Testcases.Tc1_login@32709393]" name="endtest" is-config="true" duration-ms="4615" started-at="2020-10-13T15:48:30Z" finished-at="2020-10-13T15:48:34Z">
          <params>
            <param index="0">
              <value>
                <![CDATA[[TestResult name=f status=SUCCESS method=Tc1_login.f(java.lang.String, java.lang.String, java.lang.String, java.lang.String)[pri:0, instance:GW.Guidewire.Testcases.Tc1_login@32709393] output={null}]]]>
              </value>
            </param>
          </params>
          <reporter-output>
          </reporter-output>
        </test-method> <!-- endtest -->
        <test-method status="PASS" signature="setup()[pri:0, instance:GW.Guidewire.Testcases.Tc1_login@32709393]" name="setup" is-config="true" duration-ms="5295" started-at="2020-10-13T15:48:34Z" finished-at="2020-10-13T15:48:40Z">
          <reporter-output>
          </reporter-output>
        </test-method> <!-- setup -->
        <test-method status="FAIL" signature="f(java.lang.String, java.lang.String, java.lang.String, java.lang.String)[pri:0, instance:GW.Guidewire.Testcases.Tc1_login@32709393]" name="f" duration-ms="1068" started-at="2020-10-13T15:48:40Z" data-provider="login" finished-at="2020-10-13T15:48:41Z">
          <params>
            <param index="0">
              <value>
                <![CDATA[http://localhost:8880/ab/ContactManager.do]]>
              </value>
            </param>
            <param index="1">
              <value>
                <![CDATA[test]]>
              </value>
            </param>
            <param index="2">
              <value>
                <![CDATA[test]]>
              </value>
            </param>
            <param index="3">
              <value>
                <![CDATA[[DEV mode - 8.0.2.8] Guidewire TrainingApp]]>
              </value>
            </param>
          </params>
          <exception class="junit.framework.ComparisonFailure">
            <message>
              <![CDATA[expected:<...1...> but was:<......>]]>
            </message>
            <full-stacktrace>
              <![CDATA[junit.framework.ComparisonFailure: expected:<...1...> but was:<......>
	at junit.framework.Assert.assertEquals(Assert.java:81)
	at junit.framework.Assert.assertEquals(Assert.java:87)
	at GW.Guidewire.Testcases.Tc1_login.f(Tc1_login.java:25)
	at sun.reflect.NativeMethodAccessorImpl.invoke0(Native Method)
	at sun.reflect.NativeMethodAccessorImpl.invoke(Unknown Source)
	at sun.reflect.DelegatingMethodAccessorImpl.invoke(Unknown Source)
	at java.lang.reflect.Method.invoke(Unknown Source)
	at org.testng.internal.MethodInvocationHelper.invokeMethod(MethodInvocationHelper.java:100)
	at org.testng.internal.Invoker.invokeMethod(Invoker.java:646)
	at org.testng.internal.Invoker.invokeTestMethod(Invoker.java:811)
	at org.testng.internal.Invoker.invokeTestMethods(Invoker.java:1137)
	at org.testng.internal.TestMethodWorker.invokeTestMethods(TestMethodWorker.java:129)
	at org.testng.internal.TestMethodWorker.run(TestMethodWorker.java:112)
	at org.testng.TestRunner.privateRun(TestRunner.java:753)
	at org.testng.TestRunner.run(TestRunner.java:607)
	at org.testng.SuiteRunner.runTest(SuiteRunner.java:368)
	at org.testng.SuiteRunner.runSequentially(SuiteRunner.java:363)
	at org.testng.SuiteRunner.privateRun(SuiteRunner.java:321)
	at org.testng.SuiteRunner.run(SuiteRunner.java:270)
	at org.testng.SuiteRunnerWorker.runSuite(SuiteRunnerWorker.java:52)
	at org.testng.SuiteRunnerWorker.run(SuiteRunnerWorker.java:86)
	at org.testng.TestNG.runSuitesSequentially(TestNG.java:1284)
	at org.testng.TestNG.runSuitesLocally(TestNG.java:1209)
	at org.testng.TestNG.runSuites(TestNG.java:1124)
	at org.testng.TestNG.run(TestNG.java:1096)
	at org.testng.remote.AbstractRemoteTestNG.run(AbstractRemoteTestNG.java:132)
	at org.testng.remote.RemoteTestNG.initAndRun(RemoteTestNG.java:236)
	at org.testng.remote.RemoteTestNG.main(RemoteTestNG.java:81)
]]>
            </full-stacktrace>
          </exception> <!-- junit.framework.ComparisonFailure -->
          <reporter-output>
          </reporter-output>
        </test-method> <!-- f -->
        <test-method status="PASS" signature="endtest(org.testng.ITestResult)[pri:0, instance:GW.Guidewire.Testcases.Tc1_login@32709393]" name="endtest" is-config="true" duration-ms="4662" started-at="2020-10-13T15:48:41Z" finished-at="2020-10-13T15:48:45Z">
          <params>
            <param index="0">
              <value>
                <![CDATA[[TestResult name=f status=FAILURE method=Tc1_login.f(java.lang.String, java.lang.String, java.lang.String, java.lang.String)[pri:0, instance:GW.Guidewire.Testcases.Tc1_login@32709393] output={null}]]]>
              </value>
            </param>
          </params>
          <reporter-output>
          </reporter-output>
        </test-method> <!-- endtest -->
        <test-method status="PASS" signature="setup()[pri:0, instance:GW.Guidewire.Testcases.Tc1_login@32709393]" name="setup" is-config="true" duration-ms="5353" started-at="2020-10-13T15:48:45Z" finished-at="2020-10-13T15:48:51Z">
          <reporter-output>
          </reporter-output>
        </test-method> <!-- setup -->
        <test-method status="FAIL" signature="f(java.lang.String, java.lang.String, java.lang.String, java.lang.String)[pri:0, instance:GW.Guidewire.Testcases.Tc1_login@32709393]" name="f" duration-ms="1023" started-at="2020-10-13T15:48:51Z" data-provider="login" finished-at="2020-10-13T15:48:52Z">
          <params>
            <param index="0">
              <value>
                <![CDATA[http://localhost:8880/ab/ContactManager.do]]>
              </value>
            </param>
            <param index="1">
              <value>
                <![CDATA[gw]]>
              </value>
            </param>
            <param index="2">
              <value>
                <![CDATA[su]]>
              </value>
            </param>
            <param index="3">
              <value>
                <![CDATA[[DEV mode - 8.0.2.8] Guidewire TrainingApp]]>
              </value>
            </param>
          </params>
          <exception class="junit.framework.ComparisonFailure">
            <message>
              <![CDATA[expected:<...1...> but was:<......>]]>
            </message>
            <full-stacktrace>
              <![CDATA[junit.framework.ComparisonFailure: expected:<...1...> but was:<......>
	at junit.framework.Assert.assertEquals(Assert.java:81)
	at junit.framework.Assert.assertEquals(Assert.java:87)
	at GW.Guidewire.Testcases.Tc1_login.f(Tc1_login.java:25)
	at sun.reflect.NativeMethodAccessorImpl.invoke0(Native Method)
	at sun.reflect.NativeMethodAccessorImpl.invoke(Unknown Source)
	at sun.reflect.DelegatingMethodAccessorImpl.invoke(Unknown Source)
	at java.lang.reflect.Method.invoke(Unknown Source)
	at org.testng.internal.MethodInvocationHelper.invokeMethod(MethodInvocationHelper.java:100)
	at org.testng.internal.Invoker.invokeMethod(Invoker.java:646)
	at org.testng.internal.Invoker.invokeTestMethod(Invoker.java:811)
	at org.testng.internal.Invoker.invokeTestMethods(Invoker.java:1137)
	at org.testng.internal.TestMethodWorker.invokeTestMethods(TestMethodWorker.java:129)
	at org.testng.internal.TestMethodWorker.run(TestMethodWorker.java:112)
	at org.testng.TestRunner.privateRun(TestRunner.java:753)
	at org.testng.TestRunner.run(TestRunner.java:607)
	at org.testng.SuiteRunner.runTest(SuiteRunner.java:368)
	at org.testng.SuiteRunner.runSequentially(SuiteRunner.java:363)
	at org.testng.SuiteRunner.privateRun(SuiteRunner.java:321)
	at org.testng.SuiteRunner.run(SuiteRunner.java:270)
	at org.testng.SuiteRunnerWorker.runSuite(SuiteRunnerWorker.java:52)
	at org.testng.SuiteRunnerWorker.run(SuiteRunnerWorker.java:86)
	at org.testng.TestNG.runSuitesSequentially(TestNG.java:1284)
	at org.testng.TestNG.runSuitesLocally(TestNG.java:1209)
	at org.testng.TestNG.runSuites(TestNG.java:1124)
	at org.testng.TestNG.run(TestNG.java:1096)
	at org.testng.remote.AbstractRemoteTestNG.run(AbstractRemoteTestNG.java:132)
	at org.testng.remote.RemoteTestNG.initAndRun(RemoteTestNG.java:236)
	at org.testng.remote.RemoteTestNG.main(RemoteTestNG.java:81)
]]>
            </full-stacktrace>
          </exception> <!-- junit.framework.ComparisonFailure -->
          <reporter-output>
          </reporter-output>
        </test-method> <!-- f -->
        <test-method status="PASS" signature="endtest(org.testng.ITestResult)[pri:0, instance:GW.Guidewire.Testcases.Tc1_login@32709393]" name="endtest" is-config="true" duration-ms="529" started-at="2020-10-13T15:48:52Z" finished-at="2020-10-13T15:48:52Z">
          <params>
            <param index="0">
              <value>
                <![CDATA[[TestResult name=f status=FAILURE method=Tc1_login.f(java.lang.String, java.lang.String, java.lang.String, java.lang.String)[pri:0, instance:GW.Guidewire.Testcases.Tc1_login@32709393] output={null}]]]>
              </value>
            </param>
          </params>
          <reporter-output>
          </reporter-output>
        </test-method> <!-- endtest -->
        <test-method status="PASS" signature="afterSuite()[pri:0, instance:GW.Guidewire.Testcases.Tc1_login@32709393]" name="afterSuite" is-config="true" duration-ms="1" started-at="2020-10-13T15:49:58Z" finished-at="2020-10-13T15:49:58Z">
          <reporter-output>
          </reporter-output>
        </test-method> <!-- afterSuite -->
      </class> <!-- GW.Guidewire.Testcases.Tc1_login -->
      <class name="GW.Guidewire.Testcases.Tc3_CreateNewperson">
        <test-method status="PASS" signature="setUp()[pri:0, instance:GW.Guidewire.Testcases.Tc3_CreateNewperson@49fc609f]" name="setUp" is-config="true" duration-ms="1" started-at="2020-10-13T15:49:03Z" finished-at="2020-10-13T15:49:03Z">
          <reporter-output>
          </reporter-output>
        </test-method> <!-- setUp -->
        <test-method status="PASS" signature="setup()[pri:0, instance:GW.Guidewire.Testcases.Tc3_CreateNewperson@49fc609f]" name="setup" is-config="true" duration-ms="5284" started-at="2020-10-13T15:49:03Z" finished-at="2020-10-13T15:49:08Z">
          <reporter-output>
          </reporter-output>
        </test-method> <!-- setup -->
        <test-method status="PASS" signature="b(java.lang.String, java.lang.String, java.lang.String, java.lang.String)[pri:0, instance:GW.Guidewire.Testcases.Tc3_CreateNewperson@49fc609f]" name="b" duration-ms="3167" started-at="2020-10-13T15:49:08Z" data-provider="New person" finished-at="2020-10-13T15:49:11Z">
          <params>
            <param index="0">
              <value>
                <![CDATA[http://localhost:8880/ab/ContactManager.do]]>
              </value>
            </param>
            <param index="1">
              <value>
                <![CDATA[Vikas]]>
              </value>
            </param>
            <param index="2">
              <value>
                <![CDATA[test]]>
              </value>
            </param>
            <param index="3">
              <value>
                <![CDATA[123-45-1234]]>
              </value>
            </param>
          </params>
          <reporter-output>
          </reporter-output>
        </test-method> <!-- b -->
        <test-method status="PASS" signature="endtest(org.testng.ITestResult)[pri:0, instance:GW.Guidewire.Testcases.Tc3_CreateNewperson@49fc609f]" name="endtest" is-config="true" duration-ms="4378" started-at="2020-10-13T15:49:11Z" finished-at="2020-10-13T15:49:16Z">
          <params>
            <param index="0">
              <value>
                <![CDATA[[TestResult name=b status=SUCCESS method=Tc3_CreateNewperson.b(java.lang.String, java.lang.String, java.lang.String, java.lang.String)[pri:0, instance:GW.Guidewire.Testcases.Tc3_CreateNewperson@49fc609f] output={null}]]]>
              </value>
            </param>
          </params>
          <reporter-output>
          </reporter-output>
        </test-method> <!-- endtest -->
        <test-method status="PASS" signature="setup()[pri:0, instance:GW.Guidewire.Testcases.Tc3_CreateNewperson@49fc609f]" name="setup" is-config="true" duration-ms="5306" started-at="2020-10-13T15:49:16Z" finished-at="2020-10-13T15:49:21Z">
          <reporter-output>
          </reporter-output>
        </test-method> <!-- setup -->
        <test-method status="PASS" signature="b(java.lang.String, java.lang.String, java.lang.String, java.lang.String)[pri:0, instance:GW.Guidewire.Testcases.Tc3_CreateNewperson@49fc609f]" name="b" duration-ms="2963" started-at="2020-10-13T15:49:21Z" data-provider="New person" finished-at="2020-10-13T15:49:24Z">
          <params>
            <param index="0">
              <value>
                <![CDATA[http://localhost:8880/ab/ContactManager.do]]>
              </value>
            </param>
            <param index="1">
              <value>
                <![CDATA[Vikas]]>
              </value>
            </param>
            <param index="2">
              <value>
                <![CDATA[test1]]>
              </value>
            </param>
            <param index="3">
              <value>
                <![CDATA[123-45-1235]]>
              </value>
            </param>
          </params>
          <reporter-output>
          </reporter-output>
        </test-method> <!-- b -->
        <test-method status="PASS" signature="endtest(org.testng.ITestResult)[pri:0, instance:GW.Guidewire.Testcases.Tc3_CreateNewperson@49fc609f]" name="endtest" is-config="true" duration-ms="4367" started-at="2020-10-13T15:49:24Z" finished-at="2020-10-13T15:49:28Z">
          <params>
            <param index="0">
              <value>
                <![CDATA[[TestResult name=b status=SUCCESS method=Tc3_CreateNewperson.b(java.lang.String, java.lang.String, java.lang.String, java.lang.String)[pri:0, instance:GW.Guidewire.Testcases.Tc3_CreateNewperson@49fc609f] output={null}]]]>
              </value>
            </param>
          </params>
          <reporter-output>
          </reporter-output>
        </test-method> <!-- endtest -->
        <test-method status="PASS" signature="setup()[pri:0, instance:GW.Guidewire.Testcases.Tc3_CreateNewperson@49fc609f]" name="setup" is-config="true" duration-ms="5275" started-at="2020-10-13T15:49:28Z" finished-at="2020-10-13T15:49:34Z">
          <reporter-output>
          </reporter-output>
        </test-method> <!-- setup -->
        <test-method status="PASS" signature="b(java.lang.String, java.lang.String, java.lang.String, java.lang.String)[pri:0, instance:GW.Guidewire.Testcases.Tc3_CreateNewperson@49fc609f]" name="b" duration-ms="2712" started-at="2020-10-13T15:49:34Z" data-provider="New person" finished-at="2020-10-13T15:49:36Z">
          <params>
            <param index="0">
              <value>
                <![CDATA[http://localhost:8880/ab/ContactManager.do]]>
              </value>
            </param>
            <param index="1">
              <value>
                <![CDATA[Vikas]]>
              </value>
            </param>
            <param index="2">
              <value>
                <![CDATA[test2]]>
              </value>
            </param>
            <param index="3">
              <value>
                <![CDATA[123-45-1236]]>
              </value>
            </param>
          </params>
          <reporter-output>
          </reporter-output>
        </test-method> <!-- b -->
        <test-method status="PASS" signature="endtest(org.testng.ITestResult)[pri:0, instance:GW.Guidewire.Testcases.Tc3_CreateNewperson@49fc609f]" name="endtest" is-config="true" duration-ms="4393" started-at="2020-10-13T15:49:36Z" finished-at="2020-10-13T15:49:41Z">
          <params>
            <param index="0">
              <value>
                <![CDATA[[TestResult name=b status=SUCCESS method=Tc3_CreateNewperson.b(java.lang.String, java.lang.String, java.lang.String, java.lang.String)[pri:0, instance:GW.Guidewire.Testcases.Tc3_CreateNewperson@49fc609f] output={null}]]]>
              </value>
            </param>
          </params>
          <reporter-output>
          </reporter-output>
        </test-method> <!-- endtest -->
      </class> <!-- GW.Guidewire.Testcases.Tc3_CreateNewperson -->
      <class name="GW.Guidewire.Testcases.Tc2_login">
        <test-method status="PASS" signature="setUp()[pri:0, instance:GW.Guidewire.Testcases.Tc2_login@3d99d22e]" name="setUp" is-config="true" duration-ms="1" started-at="2020-10-13T15:48:52Z" finished-at="2020-10-13T15:48:52Z">
          <reporter-output>
          </reporter-output>
        </test-method> <!-- setUp -->
        <test-method status="PASS" signature="setup()[pri:0, instance:GW.Guidewire.Testcases.Tc2_login@3d99d22e]" name="setup" is-config="true" duration-ms="5365" started-at="2020-10-13T15:48:52Z" finished-at="2020-10-13T15:48:58Z">
          <reporter-output>
          </reporter-output>
        </test-method> <!-- setup -->
        <test-method status="PASS" signature="f()[pri:0, instance:GW.Guidewire.Testcases.Tc2_login@3d99d22e]" name="f" duration-ms="1003" started-at="2020-10-13T15:48:58Z" finished-at="2020-10-13T15:48:59Z">
          <reporter-output>
          </reporter-output>
        </test-method> <!-- f -->
        <test-method status="PASS" signature="endtest(org.testng.ITestResult)[pri:0, instance:GW.Guidewire.Testcases.Tc2_login@3d99d22e]" name="endtest" is-config="true" duration-ms="4378" started-at="2020-10-13T15:48:59Z" finished-at="2020-10-13T15:49:03Z">
          <params>
            <param index="0">
              <value>
                <![CDATA[[TestResult name=f status=SUCCESS method=Tc2_login.f()[pri:0, instance:GW.Guidewire.Testcases.Tc2_login@3d99d22e] output={null}]]]>
              </value>
            </param>
          </params>
          <reporter-output>
          </reporter-output>
        </test-method> <!-- endtest -->
      </class> <!-- GW.Guidewire.Testcases.Tc2_login -->
    </test> <!-- Test -->
  </suite> <!-- Suite -->
</testng-results>
