<?xml version="1.0" encoding="UTF-8"?>
<testng-results skipped="0" failed="0" total="1" passed="1">
  <reporter-output>
  </reporter-output>
  <suite name="Default suite" duration-ms="6054" started-at="2021-01-18T14:47:21Z" finished-at="2021-01-18T14:47:27Z">
    <groups>
    </groups>
    <test name="Default test" duration-ms="6054" started-at="2021-01-18T14:47:21Z" finished-at="2021-01-18T14:47:27Z">
      <class name="GW.Guidewire.Testcases.NewTest">
        <test-method status="PASS" signature="suite()[pri:0, instance:GW.Guidewire.Testcases.NewTest@6f195bc3]" name="suite" is-config="true" duration-ms="127" started-at="2021-01-18T20:17:21Z" finished-at="2021-01-18T20:17:21Z">
          <reporter-output>
          </reporter-output>
        </test-method> <!-- suite -->
        <test-method status="PASS" signature="setup()[pri:0, instance:GW.Guidewire.Testcases.NewTest@6f195bc3]" name="setup" is-config="true" duration-ms="4394" started-at="2021-01-18T20:17:21Z" finished-at="2021-01-18T20:17:26Z">
          <reporter-output>
          </reporter-output>
        </test-method> <!-- setup -->
        <test-method status="PASS" signature="f()[pri:0, instance:GW.Guidewire.Testcases.NewTest@6f195bc3]" name="f" duration-ms="841" started-at="2021-01-18T20:17:26Z" finished-at="2021-01-18T20:17:27Z">
          <reporter-output>
          </reporter-output>
        </test-method> <!-- f -->
        <test-method status="PASS" signature="endtest(org.testng.ITestResult)[pri:0, instance:GW.Guidewire.Testcases.NewTest@6f195bc3]" name="endtest" is-config="true" duration-ms="807" started-at="2021-01-18T20:17:27Z" finished-at="2021-01-18T20:17:27Z">
          <params>
            <param index="0">
              <value>
                <![CDATA[[TestResult name=f status=SUCCESS method=NewTest.f()[pri:0, instance:GW.Guidewire.Testcases.NewTest@6f195bc3] output={null}]]]>
              </value>
            </param>
          </params>
          <reporter-output>
          </reporter-output>
        </test-method> <!-- endtest -->
      </class> <!-- GW.Guidewire.Testcases.NewTest -->
    </test> <!-- Default test -->
  </suite> <!-- Default suite -->
</testng-results>
